Tue May 10 01:00:01 JST 2016 ========== encode batch start ==========
Tue May 10 01:00:01 JST 2016 recpt1が動いていないので処理します。
Tue May 10 01:00:01 JST 2016 encode video check now ...
Tue May 10 01:00:01 JST 2016 20160510000000_ばくおん！！　＃６「じゅんび‼」.tsをエンコードします。
Tue May 10 02:21:15 JST 2016 encode end.
Tue May 10 02:21:22 JST 2016 all encode end
Tue May 10 02:21:22 JST 2016 ========== encode batch stop ==========

Tue May 10 02:40:01 JST 2016 ========== encode batch start ==========
Tue May 10 02:40:01 JST 2016 recpt1が動いていないので処理します。
Tue May 10 02:40:01 JST 2016 encode video check now ...
Tue May 10 02:40:05 JST 2016 all encode end
Tue May 10 02:40:05 JST 2016 ========== encode batch stop ==========

Tue May 10 03:00:01 JST 2016 ========== encode batch start ==========
Tue May 10 03:00:01 JST 2016 recpt1が動いていないので処理します。
Tue May 10 03:00:01 JST 2016 encode video check now ...
Tue May 10 03:00:06 JST 2016 all encode end
Tue May 10 03:00:06 JST 2016 ========== encode batch stop ==========

Tue May 10 03:20:01 JST 2016 ========== encode batch start ==========
Tue May 10 03:20:01 JST 2016 recpt1が動いていないので処理します。
Tue May 10 03:20:01 JST 2016 encode video check now ...
Tue May 10 03:20:05 JST 2016 all encode end
Tue May 10 03:20:05 JST 2016 ========== encode batch stop ==========

Tue May 10 03:40:01 JST 2016 ========== encode batch start ==========
Tue May 10 03:40:01 JST 2016 recpt1が動いていないので処理します。
Tue May 10 03:40:01 JST 2016 encode video check now ...
Tue May 10 03:40:05 JST 2016 all encode end
Tue May 10 03:40:05 JST 2016 ========== encode batch stop ==========

Tue May 10 04:00:01 JST 2016 ========== encode batch start ==========
Tue May 10 04:00:01 JST 2016 recpt1が動いていないので処理します。
Tue May 10 04:00:01 JST 2016 encode video check now ...
Tue May 10 04:00:06 JST 2016 all encode end
Tue May 10 04:00:06 JST 2016 ========== encode batch stop ==========

Tue May 10 04:20:01 JST 2016 ========== encode batch start ==========
Tue May 10 04:20:01 JST 2016 recpt1が動いていないので処理します。
Tue May 10 04:20:01 JST 2016 encode video check now ...
Tue May 10 04:20:05 JST 2016 all encode end
Tue May 10 04:20:05 JST 2016 ========== encode batch stop ==========

Tue May 10 04:40:01 JST 2016 ========== encode batch start ==========
Tue May 10 04:40:01 JST 2016 recpt1が動いていないので処理します。
Tue May 10 04:40:01 JST 2016 encode video check now ...
Tue May 10 04:40:05 JST 2016 all encode end
Tue May 10 04:40:05 JST 2016 ========== encode batch stop ==========

Tue May 10 05:00:01 JST 2016 ========== encode batch start ==========
Tue May 10 05:00:01 JST 2016 recpt1が動いていないので処理します。
Tue May 10 05:00:01 JST 2016 encode video check now ...
Tue May 10 05:00:05 JST 2016 all encode end
Tue May 10 05:00:05 JST 2016 ========== encode batch stop ==========

Tue May 10 05:20:01 JST 2016 ========== encode batch start ==========
Tue May 10 05:20:01 JST 2016 recpt1が動いていないので処理します。
Tue May 10 05:20:01 JST 2016 encode video check now ...
Tue May 10 05:20:05 JST 2016 all encode end
Tue May 10 05:20:05 JST 2016 ========== encode batch stop ==========

Tue May 10 05:40:01 JST 2016 ========== encode batch start ==========
Tue May 10 05:40:01 JST 2016 recpt1が動いていないので処理します。
Tue May 10 05:40:01 JST 2016 encode video check now ...
Tue May 10 05:40:06 JST 2016 all encode end
Tue May 10 05:40:06 JST 2016 ========== encode batch stop ==========

Tue May 10 06:00:01 JST 2016 ========== encode batch start ==========
Tue May 10 06:00:01 JST 2016 recpt1が動いていないので処理します。
Tue May 10 06:00:01 JST 2016 encode video check now ...
Tue May 10 06:00:05 JST 2016 all encode end
Tue May 10 06:00:05 JST 2016 ========== encode batch stop ==========

Tue May 10 06:20:01 JST 2016 ========== encode batch start ==========
Tue May 10 06:20:01 JST 2016 recpt1が動いていないので処理します。
Tue May 10 06:20:01 JST 2016 encode video check now ...
Tue May 10 06:20:05 JST 2016 all encode end
Tue May 10 06:20:05 JST 2016 ========== encode batch stop ==========

Tue May 10 06:40:01 JST 2016 ========== encode batch start ==========
Tue May 10 06:40:01 JST 2016 recpt1が動いていないので処理します。
Tue May 10 06:40:01 JST 2016 encode video check now ...
Tue May 10 06:40:05 JST 2016 all encode end
Tue May 10 06:40:05 JST 2016 ========== encode batch stop ==========

Tue May 10 07:00:01 JST 2016 ========== encode batch start ==========
Tue May 10 07:00:01 JST 2016 recpt1が動いていないので処理します。
Tue May 10 07:00:01 JST 2016 encode video check now ...
Tue May 10 07:00:05 JST 2016 all encode end
Tue May 10 07:00:05 JST 2016 ========== encode batch stop ==========

Tue May 10 07:20:01 JST 2016 ========== encode batch start ==========
Tue May 10 07:20:01 JST 2016 recpt1が動いていないので処理します。
Tue May 10 07:20:01 JST 2016 encode video check now ...
Tue May 10 07:20:05 JST 2016 all encode end
Tue May 10 07:20:05 JST 2016 ========== encode batch stop ==========

Tue May 10 07:40:01 JST 2016 ========== encode batch start ==========
Tue May 10 07:40:01 JST 2016 recpt1が動いていないので処理します。
Tue May 10 07:40:01 JST 2016 encode video check now ...
Tue May 10 07:40:05 JST 2016 all encode end
Tue May 10 07:40:05 JST 2016 ========== encode batch stop ==========

Tue May 10 08:00:01 JST 2016 ========== encode batch start ==========
Tue May 10 08:00:01 JST 2016 recpt1が動いていないので処理します。
Tue May 10 08:00:01 JST 2016 encode video check now ...
Tue May 10 08:00:05 JST 2016 all encode end
Tue May 10 08:00:05 JST 2016 ========== encode batch stop ==========

Tue May 10 08:20:01 JST 2016 ========== encode batch start ==========
Tue May 10 08:20:01 JST 2016 recpt1が動いていないので処理します。
Tue May 10 08:20:01 JST 2016 encode video check now ...
Tue May 10 08:20:06 JST 2016 all encode end
Tue May 10 08:20:06 JST 2016 ========== encode batch stop ==========

Tue May 10 08:40:01 JST 2016 ========== encode batch start ==========
Tue May 10 08:40:01 JST 2016 recpt1が動いていないので処理します。
Tue May 10 08:40:01 JST 2016 encode video check now ...
Tue May 10 08:40:06 JST 2016 all encode end
Tue May 10 08:40:06 JST 2016 ========== encode batch stop ==========

Tue May 10 09:00:01 JST 2016 ========== encode batch start ==========
Tue May 10 09:00:01 JST 2016 recpt1が動いていないので処理します。
Tue May 10 09:00:01 JST 2016 encode video check now ...
Tue May 10 09:00:05 JST 2016 all encode end
Tue May 10 09:00:05 JST 2016 ========== encode batch stop ==========

Tue May 10 09:20:01 JST 2016 ========== encode batch start ==========
Tue May 10 09:20:01 JST 2016 recpt1が動いていないので処理します。
Tue May 10 09:20:01 JST 2016 encode video check now ...
Tue May 10 09:20:05 JST 2016 all encode end
Tue May 10 09:20:05 JST 2016 ========== encode batch stop ==========

Tue May 10 09:40:01 JST 2016 ========== encode batch start ==========
Tue May 10 09:40:01 JST 2016 recpt1が動いていないので処理します。
Tue May 10 09:40:01 JST 2016 encode video check now ...
Tue May 10 09:40:06 JST 2016 all encode end
Tue May 10 09:40:06 JST 2016 ========== encode batch stop ==========

Tue May 10 10:00:01 JST 2016 ========== encode batch start ==========
Tue May 10 10:00:01 JST 2016 recpt1が動いていないので処理します。
Tue May 10 10:00:01 JST 2016 encode video check now ...
Tue May 10 10:00:05 JST 2016 all encode end
Tue May 10 10:00:05 JST 2016 ========== encode batch stop ==========

Tue May 10 10:20:01 JST 2016 ========== encode batch start ==========
Tue May 10 10:20:01 JST 2016 recpt1が動いていないので処理します。
Tue May 10 10:20:01 JST 2016 encode video check now ...
Tue May 10 10:20:05 JST 2016 all encode end
Tue May 10 10:20:05 JST 2016 ========== encode batch stop ==========

Tue May 10 10:40:01 JST 2016 ========== encode batch start ==========
Tue May 10 10:40:01 JST 2016 recpt1が動いていないので処理します。
Tue May 10 10:40:01 JST 2016 encode video check now ...
Tue May 10 10:40:06 JST 2016 all encode end
Tue May 10 10:40:06 JST 2016 ========== encode batch stop ==========

Tue May 10 11:00:01 JST 2016 ========== encode batch start ==========
Tue May 10 11:00:01 JST 2016 recpt1が動いていないので処理します。
Tue May 10 11:00:01 JST 2016 encode video check now ...
Tue May 10 11:00:05 JST 2016 all encode end
Tue May 10 11:00:05 JST 2016 ========== encode batch stop ==========

Tue May 10 11:20:01 JST 2016 ========== encode batch start ==========
Tue May 10 11:20:01 JST 2016 recpt1が動いていないので処理します。
Tue May 10 11:20:01 JST 2016 encode video check now ...
Tue May 10 11:20:05 JST 2016 all encode end
Tue May 10 11:20:05 JST 2016 ========== encode batch stop ==========

Tue May 10 11:40:01 JST 2016 ========== encode batch start ==========
Tue May 10 11:40:01 JST 2016 recpt1が動いていないので処理します。
Tue May 10 11:40:01 JST 2016 encode video check now ...
Tue May 10 11:40:06 JST 2016 all encode end
Tue May 10 11:40:06 JST 2016 ========== encode batch stop ==========

Tue May 10 12:00:01 JST 2016 ========== encode batch start ==========
Tue May 10 12:00:01 JST 2016 recpt1が動いていないので処理します。
Tue May 10 12:00:01 JST 2016 encode video check now ...
Tue May 10 12:00:05 JST 2016 all encode end
Tue May 10 12:00:05 JST 2016 ========== encode batch stop ==========

Tue May 10 12:20:01 JST 2016 ========== encode batch start ==========
Tue May 10 12:20:01 JST 2016 recpt1が動いていないので処理します。
Tue May 10 12:20:01 JST 2016 encode video check now ...
Tue May 10 12:20:05 JST 2016 all encode end
Tue May 10 12:20:05 JST 2016 ========== encode batch stop ==========

Tue May 10 12:40:01 JST 2016 ========== encode batch start ==========
Tue May 10 12:40:01 JST 2016 recpt1が動いていないので処理します。
Tue May 10 12:40:01 JST 2016 encode video check now ...
Tue May 10 12:40:05 JST 2016 all encode end
Tue May 10 12:40:05 JST 2016 ========== encode batch stop ==========

Tue May 10 13:00:01 JST 2016 ========== encode batch start ==========
Tue May 10 13:00:01 JST 2016 recpt1が動いていないので処理します。
Tue May 10 13:00:01 JST 2016 encode video check now ...
Tue May 10 13:00:05 JST 2016 all encode end
Tue May 10 13:00:05 JST 2016 ========== encode batch stop ==========

Tue May 10 13:20:01 JST 2016 ========== encode batch start ==========
Tue May 10 13:20:01 JST 2016 recpt1が動いていないので処理します。
Tue May 10 13:20:01 JST 2016 encode video check now ...
Tue May 10 13:20:06 JST 2016 all encode end
Tue May 10 13:20:06 JST 2016 ========== encode batch stop ==========

Tue May 10 13:40:01 JST 2016 ========== encode batch start ==========
Tue May 10 13:40:01 JST 2016 recpt1が動いていないので処理します。
Tue May 10 13:40:01 JST 2016 encode video check now ...
Tue May 10 13:40:05 JST 2016 all encode end
Tue May 10 13:40:05 JST 2016 ========== encode batch stop ==========

Tue May 10 14:00:01 JST 2016 ========== encode batch start ==========
Tue May 10 14:00:01 JST 2016 recpt1が動いていないので処理します。
Tue May 10 14:00:01 JST 2016 encode video check now ...
Tue May 10 14:00:05 JST 2016 all encode end
Tue May 10 14:00:05 JST 2016 ========== encode batch stop ==========

Tue May 10 14:20:01 JST 2016 ========== encode batch start ==========
Tue May 10 14:20:01 JST 2016 recpt1が動いていないので処理します。
Tue May 10 14:20:01 JST 2016 encode video check now ...
Tue May 10 14:20:06 JST 2016 all encode end
Tue May 10 14:20:06 JST 2016 ========== encode batch stop ==========

Tue May 10 14:40:01 JST 2016 ========== encode batch start ==========
Tue May 10 14:40:01 JST 2016 recpt1が動いていないので処理します。
Tue May 10 14:40:01 JST 2016 encode video check now ...
Tue May 10 14:40:05 JST 2016 all encode end
Tue May 10 14:40:05 JST 2016 ========== encode batch stop ==========

Tue May 10 15:00:01 JST 2016 ========== encode batch start ==========
Tue May 10 15:00:01 JST 2016 recpt1が動いていないので処理します。
Tue May 10 15:00:01 JST 2016 encode video check now ...
Tue May 10 15:00:06 JST 2016 all encode end
Tue May 10 15:00:06 JST 2016 ========== encode batch stop ==========

Tue May 10 15:20:01 JST 2016 ========== encode batch start ==========
Tue May 10 15:20:01 JST 2016 recpt1が動いていないので処理します。
Tue May 10 15:20:01 JST 2016 encode video check now ...
Tue May 10 15:20:05 JST 2016 all encode end
Tue May 10 15:20:05 JST 2016 ========== encode batch stop ==========

Tue May 10 15:40:01 JST 2016 ========== encode batch start ==========
Tue May 10 15:40:01 JST 2016 recpt1が動いていないので処理します。
Tue May 10 15:40:01 JST 2016 encode video check now ...
Tue May 10 15:40:05 JST 2016 all encode end
Tue May 10 15:40:05 JST 2016 ========== encode batch stop ==========

Tue May 10 16:00:01 JST 2016 ========== encode batch start ==========
Tue May 10 16:00:01 JST 2016 recpt1が動いていないので処理します。
Tue May 10 16:00:01 JST 2016 encode video check now ...
Tue May 10 16:00:06 JST 2016 all encode end
Tue May 10 16:00:06 JST 2016 ========== encode batch stop ==========

Tue May 10 16:20:01 JST 2016 ========== encode batch start ==========
Tue May 10 16:20:01 JST 2016 recpt1が動いていないので処理します。
Tue May 10 16:20:01 JST 2016 encode video check now ...
Tue May 10 16:20:05 JST 2016 all encode end
Tue May 10 16:20:05 JST 2016 ========== encode batch stop ==========

Tue May 10 16:40:01 JST 2016 ========== encode batch start ==========
Tue May 10 16:40:01 JST 2016 recpt1が動いていないので処理します。
Tue May 10 16:40:01 JST 2016 encode video check now ...
Tue May 10 16:40:05 JST 2016 all encode end
Tue May 10 16:40:05 JST 2016 ========== encode batch stop ==========

Tue May 10 17:00:01 JST 2016 ========== encode batch start ==========
Tue May 10 17:00:01 JST 2016 recpt1が動いていないので処理します。
Tue May 10 17:00:01 JST 2016 encode video check now ...
Tue May 10 17:00:05 JST 2016 all encode end
Tue May 10 17:00:05 JST 2016 ========== encode batch stop ==========

Tue May 10 17:20:01 JST 2016 ========== encode batch start ==========
Tue May 10 17:20:01 JST 2016 recpt1が動いていないので処理します。
Tue May 10 17:20:01 JST 2016 encode video check now ...
Tue May 10 17:20:05 JST 2016 all encode end
Tue May 10 17:20:05 JST 2016 ========== encode batch stop ==========

Tue May 10 17:40:01 JST 2016 ========== encode batch start ==========
Tue May 10 17:40:01 JST 2016 recpt1が動いていないので処理します。
Tue May 10 17:40:01 JST 2016 encode video check now ...
Tue May 10 17:40:06 JST 2016 all encode end
Tue May 10 17:40:06 JST 2016 ========== encode batch stop ==========

Tue May 10 18:00:01 JST 2016 ========== encode batch start ==========
Tue May 10 18:00:01 JST 2016 recpt1が動いていないので処理します。
Tue May 10 18:00:01 JST 2016 encode video check now ...
Tue May 10 18:00:05 JST 2016 all encode end
Tue May 10 18:00:05 JST 2016 ========== encode batch stop ==========

Tue May 10 18:20:01 JST 2016 ========== encode batch start ==========
Tue May 10 18:20:01 JST 2016 recpt1が動いていないので処理します。
Tue May 10 18:20:01 JST 2016 encode video check now ...
Tue May 10 18:20:05 JST 2016 all encode end
Tue May 10 18:20:05 JST 2016 ========== encode batch stop ==========

Tue May 10 18:40:01 JST 2016 ========== encode batch start ==========
Tue May 10 18:40:01 JST 2016 recpt1が動いていないので処理します。
Tue May 10 18:40:01 JST 2016 encode video check now ...
Tue May 10 18:40:05 JST 2016 all encode end
Tue May 10 18:40:05 JST 2016 ========== encode batch stop ==========

Tue May 10 19:00:01 JST 2016 ========== encode batch start ==========
Tue May 10 19:00:01 JST 2016 recpt1が動いていないので処理します。
Tue May 10 19:00:01 JST 2016 encode video check now ...
Tue May 10 19:00:05 JST 2016 all encode end
Tue May 10 19:00:05 JST 2016 ========== encode batch stop ==========

Tue May 10 19:20:01 JST 2016 ========== encode batch start ==========
Tue May 10 19:20:01 JST 2016 recpt1が動いていないので処理します。
Tue May 10 19:20:01 JST 2016 encode video check now ...
Tue May 10 19:20:06 JST 2016 all encode end
Tue May 10 19:20:06 JST 2016 ========== encode batch stop ==========

Tue May 10 19:40:01 JST 2016 ========== encode batch start ==========
Tue May 10 19:40:01 JST 2016 recpt1が動いていないので処理します。
Tue May 10 19:40:01 JST 2016 encode video check now ...
Tue May 10 19:40:05 JST 2016 all encode end
Tue May 10 19:40:05 JST 2016 ========== encode batch stop ==========

Tue May 10 20:00:01 JST 2016 ========== encode batch start ==========
Tue May 10 20:00:01 JST 2016 recpt1が動いていないので処理します。
Tue May 10 20:00:01 JST 2016 encode video check now ...
Tue May 10 20:00:05 JST 2016 all encode end
Tue May 10 20:00:05 JST 2016 ========== encode batch stop ==========

Tue May 10 20:20:01 JST 2016 ========== encode batch start ==========
Tue May 10 20:20:01 JST 2016 recpt1が動いていないので処理します。
Tue May 10 20:20:01 JST 2016 encode video check now ...
Tue May 10 20:20:06 JST 2016 all encode end
Tue May 10 20:20:06 JST 2016 ========== encode batch stop ==========

Tue May 10 20:40:01 JST 2016 ========== encode batch start ==========
Tue May 10 20:40:01 JST 2016 recpt1が動いていないので処理します。
Tue May 10 20:40:01 JST 2016 encode video check now ...
Tue May 10 20:40:05 JST 2016 all encode end
Tue May 10 20:40:05 JST 2016 ========== encode batch stop ==========

Tue May 10 21:00:01 JST 2016 ========== encode batch start ==========
Tue May 10 21:00:01 JST 2016 recpt1が動いているため処理しません。
Tue May 10 21:00:01 JST 2016 ========== encode batch stop ==========

Tue May 10 21:20:01 JST 2016 ========== encode batch start ==========
Tue May 10 21:20:01 JST 2016 recpt1が動いているため処理しません。
Tue May 10 21:20:01 JST 2016 ========== encode batch stop ==========

Tue May 10 21:40:01 JST 2016 ========== encode batch start ==========
Tue May 10 21:40:01 JST 2016 recpt1が動いているため処理しません。
Tue May 10 21:40:01 JST 2016 ========== encode batch stop ==========

Tue May 10 22:00:01 JST 2016 ========== encode batch start ==========
Tue May 10 22:00:01 JST 2016 recpt1が動いているため処理しません。
Tue May 10 22:00:01 JST 2016 ========== encode batch stop ==========

Tue May 10 22:20:01 JST 2016 ========== encode batch start ==========
Tue May 10 22:20:01 JST 2016 recpt1が動いていないので処理します。
Tue May 10 22:20:01 JST 2016 encode video check now ...
Tue May 10 22:20:05 JST 2016 all encode end
Tue May 10 22:20:05 JST 2016 ========== encode batch stop ==========

Tue May 10 22:40:01 JST 2016 ========== encode batch start ==========
Tue May 10 22:40:01 JST 2016 recpt1が動いていないので処理します。
Tue May 10 22:40:01 JST 2016 encode video check now ...
Tue May 10 22:40:06 JST 2016 all encode end
Tue May 10 22:40:06 JST 2016 ========== encode batch stop ==========

Tue May 10 23:00:01 JST 2016 ========== encode batch start ==========
Tue May 10 23:00:01 JST 2016 recpt1が動いていないので処理します。
Tue May 10 23:00:01 JST 2016 encode video check now ...
Tue May 10 23:00:05 JST 2016 all encode end
Tue May 10 23:00:05 JST 2016 ========== encode batch stop ==========

Tue May 10 23:20:01 JST 2016 ========== encode batch start ==========
Tue May 10 23:20:01 JST 2016 recpt1が動いていないので処理します。
Tue May 10 23:20:01 JST 2016 encode video check now ...
Tue May 10 23:20:05 JST 2016 all encode end
Tue May 10 23:20:05 JST 2016 ========== encode batch stop ==========

Tue May 10 23:40:01 JST 2016 ========== encode batch start ==========
Tue May 10 23:40:01 JST 2016 recpt1が動いていないので処理します。
Tue May 10 23:40:01 JST 2016 encode video check now ...
Tue May 10 23:40:06 JST 2016 all encode end
Tue May 10 23:40:06 JST 2016 ========== encode batch stop ==========

Wed May 11 00:00:01 JST 2016 ========== encode batch start ==========
Wed May 11 00:00:01 JST 2016 recpt1が動いていないので処理します。
Wed May 11 00:00:01 JST 2016 encode video check now ...
Wed May 11 00:00:05 JST 2016 all encode end
Wed May 11 00:00:05 JST 2016 ========== encode batch stop ==========

Wed May 11 00:20:01 JST 2016 ========== encode batch start ==========
Wed May 11 00:20:01 JST 2016 recpt1が動いていないので処理します。
Wed May 11 00:20:01 JST 2016 encode video check now ...
Wed May 11 00:20:05 JST 2016 all encode end
Wed May 11 00:20:05 JST 2016 ========== encode batch stop ==========

Wed May 11 00:40:01 JST 2016 ========== encode batch start ==========
Wed May 11 00:40:01 JST 2016 recpt1が動いていないので処理します。
Wed May 11 00:40:01 JST 2016 encode video check now ...
Wed May 11 00:40:06 JST 2016 all encode end
Wed May 11 00:40:06 JST 2016 ========== encode batch stop ==========

Wed May 11 01:00:01 JST 2016 ========== encode batch start ==========
Wed May 11 01:00:01 JST 2016 recpt1が動いていないので処理します。
Wed May 11 01:00:01 JST 2016 encode video check now ...
Wed May 11 01:00:05 JST 2016 all encode end
Wed May 11 01:00:05 JST 2016 ========== encode batch stop ==========

Wed May 11 01:20:01 JST 2016 ========== encode batch start ==========
Wed May 11 01:20:01 JST 2016 recpt1が動いていないので処理します。
Wed May 11 01:20:01 JST 2016 encode video check now ...
Wed May 11 01:20:05 JST 2016 all encode end
Wed May 11 01:20:05 JST 2016 ========== encode batch stop ==========

Wed May 11 01:40:01 JST 2016 ========== encode batch start ==========
Wed May 11 01:40:01 JST 2016 recpt1が動いていないので処理します。
Wed May 11 01:40:01 JST 2016 encode video check now ...
Wed May 11 01:40:06 JST 2016 all encode end
Wed May 11 01:40:06 JST 2016 ========== encode batch stop ==========

Wed May 11 02:00:01 JST 2016 ========== encode batch start ==========
Wed May 11 02:00:01 JST 2016 recpt1が動いていないので処理します。
Wed May 11 02:00:01 JST 2016 encode video check now ...
Wed May 11 02:00:05 JST 2016 all encode end
Wed May 11 02:00:05 JST 2016 ========== encode batch stop ==========

Wed May 11 02:20:01 JST 2016 ========== encode batch start ==========
Wed May 11 02:20:01 JST 2016 recpt1が動いていないので処理します。
Wed May 11 02:20:01 JST 2016 encode video check now ...
Wed May 11 02:20:05 JST 2016 all encode end
Wed May 11 02:20:05 JST 2016 ========== encode batch stop ==========

Wed May 11 02:40:01 JST 2016 ========== encode batch start ==========
Wed May 11 02:40:01 JST 2016 recpt1が動いていないので処理します。
Wed May 11 02:40:01 JST 2016 encode video check now ...
Wed May 11 02:40:05 JST 2016 all encode end
Wed May 11 02:40:05 JST 2016 ========== encode batch stop ==========

Wed May 11 03:00:01 JST 2016 ========== encode batch start ==========
Wed May 11 03:00:01 JST 2016 recpt1が動いていないので処理します。
Wed May 11 03:00:01 JST 2016 encode video check now ...
Wed May 11 03:00:05 JST 2016 all encode end
Wed May 11 03:00:05 JST 2016 ========== encode batch stop ==========

Wed May 11 03:20:01 JST 2016 ========== encode batch start ==========
Wed May 11 03:20:01 JST 2016 recpt1が動いていないので処理します。
Wed May 11 03:20:01 JST 2016 encode video check now ...
Wed May 11 03:20:06 JST 2016 all encode end
Wed May 11 03:20:06 JST 2016 ========== encode batch stop ==========

Wed May 11 03:40:01 JST 2016 ========== encode batch start ==========
Wed May 11 03:40:01 JST 2016 recpt1が動いていないので処理します。
Wed May 11 03:40:01 JST 2016 encode video check now ...
Wed May 11 03:40:05 JST 2016 all encode end
Wed May 11 03:40:05 JST 2016 ========== encode batch stop ==========

Wed May 11 04:00:01 JST 2016 ========== encode batch start ==========
Wed May 11 04:00:01 JST 2016 recpt1が動いていないので処理します。
Wed May 11 04:00:01 JST 2016 encode video check now ...
Wed May 11 04:00:05 JST 2016 all encode end
Wed May 11 04:00:05 JST 2016 ========== encode batch stop ==========

Wed May 11 04:20:01 JST 2016 ========== encode batch start ==========
Wed May 11 04:20:01 JST 2016 recpt1が動いていないので処理します。
Wed May 11 04:20:01 JST 2016 encode video check now ...
Wed May 11 04:20:06 JST 2016 all encode end
Wed May 11 04:20:06 JST 2016 ========== encode batch stop ==========

Wed May 11 04:40:01 JST 2016 ========== encode batch start ==========
Wed May 11 04:40:01 JST 2016 recpt1が動いていないので処理します。
Wed May 11 04:40:01 JST 2016 encode video check now ...
Wed May 11 04:40:05 JST 2016 all encode end
Wed May 11 04:40:05 JST 2016 ========== encode batch stop ==========

Wed May 11 05:00:01 JST 2016 ========== encode batch start ==========
Wed May 11 05:00:01 JST 2016 recpt1が動いていないので処理します。
Wed May 11 05:00:01 JST 2016 encode video check now ...
Wed May 11 05:00:06 JST 2016 all encode end
Wed May 11 05:00:06 JST 2016 ========== encode batch stop ==========

Wed May 11 05:20:01 JST 2016 ========== encode batch start ==========
Wed May 11 05:20:01 JST 2016 recpt1が動いていないので処理します。
Wed May 11 05:20:01 JST 2016 encode video check now ...
Wed May 11 05:20:05 JST 2016 all encode end
Wed May 11 05:20:05 JST 2016 ========== encode batch stop ==========

Wed May 11 05:40:01 JST 2016 ========== encode batch start ==========
Wed May 11 05:40:01 JST 2016 recpt1が動いていないので処理します。
Wed May 11 05:40:01 JST 2016 encode video check now ...
Wed May 11 05:40:05 JST 2016 all encode end
Wed May 11 05:40:05 JST 2016 ========== encode batch stop ==========

Wed May 11 06:00:01 JST 2016 ========== encode batch start ==========
Wed May 11 06:00:01 JST 2016 recpt1が動いていないので処理します。
Wed May 11 06:00:01 JST 2016 encode video check now ...
Wed May 11 06:00:06 JST 2016 all encode end
Wed May 11 06:00:06 JST 2016 ========== encode batch stop ==========

Wed May 11 06:20:01 JST 2016 ========== encode batch start ==========
Wed May 11 06:20:01 JST 2016 recpt1が動いていないので処理します。
Wed May 11 06:20:01 JST 2016 encode video check now ...
Wed May 11 06:20:05 JST 2016 all encode end
Wed May 11 06:20:05 JST 2016 ========== encode batch stop ==========

Wed May 11 06:40:02 JST 2016 ========== encode batch start ==========
Wed May 11 06:40:02 JST 2016 recpt1が動いていないので処理します。
Wed May 11 06:40:02 JST 2016 encode video check now ...
Wed May 11 06:40:06 JST 2016 all encode end
Wed May 11 06:40:06 JST 2016 ========== encode batch stop ==========

Wed May 11 07:00:01 JST 2016 ========== encode batch start ==========
Wed May 11 07:00:01 JST 2016 recpt1が動いていないので処理します。
Wed May 11 07:00:01 JST 2016 encode video check now ...
Wed May 11 07:00:05 JST 2016 all encode end
Wed May 11 07:00:05 JST 2016 ========== encode batch stop ==========

Wed May 11 07:20:01 JST 2016 ========== encode batch start ==========
Wed May 11 07:20:01 JST 2016 recpt1が動いていないので処理します。
Wed May 11 07:20:01 JST 2016 encode video check now ...
Wed May 11 07:20:05 JST 2016 all encode end
Wed May 11 07:20:05 JST 2016 ========== encode batch stop ==========

Wed May 11 07:40:01 JST 2016 ========== encode batch start ==========
Wed May 11 07:40:01 JST 2016 recpt1が動いていないので処理します。
Wed May 11 07:40:01 JST 2016 encode video check now ...
Wed May 11 07:40:06 JST 2016 all encode end
Wed May 11 07:40:06 JST 2016 ========== encode batch stop ==========

Wed May 11 08:00:01 JST 2016 ========== encode batch start ==========
Wed May 11 08:00:01 JST 2016 recpt1が動いていないので処理します。
Wed May 11 08:00:01 JST 2016 encode video check now ...
Wed May 11 08:00:05 JST 2016 all encode end
Wed May 11 08:00:05 JST 2016 ========== encode batch stop ==========

Wed May 11 08:20:01 JST 2016 ========== encode batch start ==========
Wed May 11 08:20:01 JST 2016 recpt1が動いていないので処理します。
Wed May 11 08:20:01 JST 2016 encode video check now ...
Wed May 11 08:20:05 JST 2016 all encode end
Wed May 11 08:20:05 JST 2016 ========== encode batch stop ==========

Wed May 11 08:40:01 JST 2016 ========== encode batch start ==========
Wed May 11 08:40:01 JST 2016 recpt1が動いていないので処理します。
Wed May 11 08:40:01 JST 2016 encode video check now ...
Wed May 11 08:40:05 JST 2016 all encode end
Wed May 11 08:40:05 JST 2016 ========== encode batch stop ==========

Wed May 11 09:00:01 JST 2016 ========== encode batch start ==========
Wed May 11 09:00:01 JST 2016 recpt1が動いていないので処理します。
Wed May 11 09:00:01 JST 2016 encode video check now ...
Wed May 11 09:00:05 JST 2016 all encode end
Wed May 11 09:00:05 JST 2016 ========== encode batch stop ==========

Wed May 11 09:20:01 JST 2016 ========== encode batch start ==========
Wed May 11 09:20:01 JST 2016 recpt1が動いていないので処理します。
Wed May 11 09:20:01 JST 2016 encode video check now ...
Wed May 11 09:20:06 JST 2016 all encode end
Wed May 11 09:20:06 JST 2016 ========== encode batch stop ==========

Wed May 11 09:40:01 JST 2016 ========== encode batch start ==========
Wed May 11 09:40:01 JST 2016 recpt1が動いていないので処理します。
Wed May 11 09:40:01 JST 2016 encode video check now ...
Wed May 11 09:40:05 JST 2016 all encode end
Wed May 11 09:40:05 JST 2016 ========== encode batch stop ==========

Wed May 11 10:00:01 JST 2016 ========== encode batch start ==========
Wed May 11 10:00:01 JST 2016 recpt1が動いていないので処理します。
Wed May 11 10:00:01 JST 2016 encode video check now ...
Wed May 11 10:00:05 JST 2016 all encode end
Wed May 11 10:00:05 JST 2016 ========== encode batch stop ==========

Wed May 11 10:20:01 JST 2016 ========== encode batch start ==========
Wed May 11 10:20:01 JST 2016 recpt1が動いていないので処理します。
Wed May 11 10:20:01 JST 2016 encode video check now ...
Wed May 11 10:20:06 JST 2016 all encode end
Wed May 11 10:20:06 JST 2016 ========== encode batch stop ==========

Wed May 11 10:40:01 JST 2016 ========== encode batch start ==========
Wed May 11 10:40:01 JST 2016 recpt1が動いていないので処理します。
Wed May 11 10:40:01 JST 2016 encode video check now ...
Wed May 11 10:40:05 JST 2016 all encode end
Wed May 11 10:40:05 JST 2016 ========== encode batch stop ==========

Wed May 11 11:00:01 JST 2016 ========== encode batch start ==========
Wed May 11 11:00:01 JST 2016 recpt1が動いていないので処理します。
Wed May 11 11:00:01 JST 2016 encode video check now ...
Wed May 11 11:00:06 JST 2016 all encode end
Wed May 11 11:00:06 JST 2016 ========== encode batch stop ==========

Wed May 11 11:20:01 JST 2016 ========== encode batch start ==========
Wed May 11 11:20:01 JST 2016 recpt1が動いていないので処理します。
Wed May 11 11:20:01 JST 2016 encode video check now ...
Wed May 11 11:20:05 JST 2016 all encode end
Wed May 11 11:20:05 JST 2016 ========== encode batch stop ==========

Wed May 11 11:40:01 JST 2016 ========== encode batch start ==========
Wed May 11 11:40:01 JST 2016 recpt1が動いていないので処理します。
Wed May 11 11:40:01 JST 2016 encode video check now ...
Wed May 11 11:40:05 JST 2016 all encode end
Wed May 11 11:40:05 JST 2016 ========== encode batch stop ==========

Wed May 11 12:00:01 JST 2016 ========== encode batch start ==========
Wed May 11 12:00:01 JST 2016 recpt1が動いていないので処理します。
Wed May 11 12:00:01 JST 2016 encode video check now ...
Wed May 11 12:00:06 JST 2016 all encode end
Wed May 11 12:00:06 JST 2016 ========== encode batch stop ==========

Wed May 11 12:20:01 JST 2016 ========== encode batch start ==========
Wed May 11 12:20:01 JST 2016 recpt1が動いていないので処理します。
Wed May 11 12:20:01 JST 2016 encode video check now ...
Wed May 11 12:20:05 JST 2016 all encode end
Wed May 11 12:20:05 JST 2016 ========== encode batch stop ==========

Wed May 11 12:40:01 JST 2016 ========== encode batch start ==========
Wed May 11 12:40:01 JST 2016 recpt1が動いていないので処理します。
Wed May 11 12:40:01 JST 2016 encode video check now ...
Wed May 11 12:40:06 JST 2016 all encode end
Wed May 11 12:40:06 JST 2016 ========== encode batch stop ==========

Wed May 11 13:00:01 JST 2016 ========== encode batch start ==========
Wed May 11 13:00:01 JST 2016 recpt1が動いていないので処理します。
Wed May 11 13:00:01 JST 2016 encode video check now ...
Wed May 11 13:00:05 JST 2016 all encode end
Wed May 11 13:00:05 JST 2016 ========== encode batch stop ==========

Wed May 11 13:20:01 JST 2016 ========== encode batch start ==========
Wed May 11 13:20:01 JST 2016 recpt1が動いていないので処理します。
Wed May 11 13:20:01 JST 2016 encode video check now ...
Wed May 11 13:20:05 JST 2016 all encode end
Wed May 11 13:20:05 JST 2016 ========== encode batch stop ==========

Wed May 11 13:40:01 JST 2016 ========== encode batch start ==========
Wed May 11 13:40:01 JST 2016 recpt1が動いていないので処理します。
Wed May 11 13:40:01 JST 2016 encode video check now ...
Wed May 11 13:40:06 JST 2016 all encode end
Wed May 11 13:40:06 JST 2016 ========== encode batch stop ==========

Wed May 11 14:00:01 JST 2016 ========== encode batch start ==========
Wed May 11 14:00:01 JST 2016 recpt1が動いていないので処理します。
Wed May 11 14:00:01 JST 2016 encode video check now ...
Wed May 11 14:00:05 JST 2016 all encode end
Wed May 11 14:00:05 JST 2016 ========== encode batch stop ==========

Wed May 11 14:20:01 JST 2016 ========== encode batch start ==========
Wed May 11 14:20:01 JST 2016 recpt1が動いていないので処理します。
Wed May 11 14:20:01 JST 2016 encode video check now ...
Wed May 11 14:20:05 JST 2016 all encode end
Wed May 11 14:20:05 JST 2016 ========== encode batch stop ==========

Wed May 11 14:40:01 JST 2016 ========== encode batch start ==========
Wed May 11 14:40:01 JST 2016 recpt1が動いていないので処理します。
Wed May 11 14:40:01 JST 2016 encode video check now ...
Wed May 11 14:40:05 JST 2016 all encode end
Wed May 11 14:40:05 JST 2016 ========== encode batch stop ==========

Wed May 11 15:00:01 JST 2016 ========== encode batch start ==========
Wed May 11 15:00:01 JST 2016 recpt1が動いていないので処理します。
Wed May 11 15:00:01 JST 2016 encode video check now ...
Wed May 11 15:00:05 JST 2016 all encode end
Wed May 11 15:00:05 JST 2016 ========== encode batch stop ==========

Wed May 11 15:20:01 JST 2016 ========== encode batch start ==========
Wed May 11 15:20:01 JST 2016 recpt1が動いていないので処理します。
Wed May 11 15:20:01 JST 2016 encode video check now ...
Wed May 11 15:20:06 JST 2016 all encode end
Wed May 11 15:20:06 JST 2016 ========== encode batch stop ==========

Wed May 11 15:40:01 JST 2016 ========== encode batch start ==========
Wed May 11 15:40:01 JST 2016 recpt1が動いていないので処理します。
Wed May 11 15:40:01 JST 2016 encode video check now ...
Wed May 11 15:40:05 JST 2016 all encode end
Wed May 11 15:40:05 JST 2016 ========== encode batch stop ==========

Wed May 11 16:00:01 JST 2016 ========== encode batch start ==========
Wed May 11 16:00:01 JST 2016 recpt1が動いていないので処理します。
Wed May 11 16:00:01 JST 2016 encode video check now ...
Wed May 11 16:00:05 JST 2016 all encode end
Wed May 11 16:00:05 JST 2016 ========== encode batch stop ==========

Wed May 11 16:20:01 JST 2016 ========== encode batch start ==========
Wed May 11 16:20:01 JST 2016 recpt1が動いていないので処理します。
Wed May 11 16:20:01 JST 2016 encode video check now ...
Wed May 11 16:20:05 JST 2016 all encode end
Wed May 11 16:20:05 JST 2016 ========== encode batch stop ==========

Wed May 11 16:40:01 JST 2016 ========== encode batch start ==========
Wed May 11 16:40:01 JST 2016 recpt1が動いていないので処理します。
Wed May 11 16:40:01 JST 2016 encode video check now ...
Wed May 11 16:40:05 JST 2016 all encode end
Wed May 11 16:40:05 JST 2016 ========== encode batch stop ==========

Wed May 11 17:00:01 JST 2016 ========== encode batch start ==========
Wed May 11 17:00:01 JST 2016 recpt1が動いていないので処理します。
Wed May 11 17:00:01 JST 2016 encode video check now ...
Wed May 11 17:00:05 JST 2016 all encode end
Wed May 11 17:00:05 JST 2016 ========== encode batch stop ==========

Wed May 11 17:20:01 JST 2016 ========== encode batch start ==========
Wed May 11 17:20:01 JST 2016 recpt1が動いていないので処理します。
Wed May 11 17:20:01 JST 2016 encode video check now ...
Wed May 11 17:20:06 JST 2016 all encode end
Wed May 11 17:20:06 JST 2016 ========== encode batch stop ==========

Wed May 11 17:40:01 JST 2016 ========== encode batch start ==========
Wed May 11 17:40:01 JST 2016 recpt1が動いていないので処理します。
Wed May 11 17:40:01 JST 2016 encode video check now ...
Wed May 11 17:40:05 JST 2016 all encode end
Wed May 11 17:40:05 JST 2016 ========== encode batch stop ==========

Wed May 11 18:00:01 JST 2016 ========== encode batch start ==========
Wed May 11 18:00:01 JST 2016 recpt1が動いていないので処理します。
Wed May 11 18:00:01 JST 2016 encode video check now ...
Wed May 11 18:00:05 JST 2016 all encode end
Wed May 11 18:00:05 JST 2016 ========== encode batch stop ==========

Wed May 11 18:20:01 JST 2016 ========== encode batch start ==========
Wed May 11 18:20:01 JST 2016 recpt1が動いていないので処理します。
Wed May 11 18:20:01 JST 2016 encode video check now ...
Wed May 11 18:20:06 JST 2016 all encode end
Wed May 11 18:20:06 JST 2016 ========== encode batch stop ==========

Wed May 11 18:40:01 JST 2016 ========== encode batch start ==========
Wed May 11 18:40:01 JST 2016 recpt1が動いていないので処理します。
Wed May 11 18:40:01 JST 2016 encode video check now ...
Wed May 11 18:40:05 JST 2016 all encode end
Wed May 11 18:40:05 JST 2016 ========== encode batch stop ==========

Wed May 11 19:00:01 JST 2016 ========== encode batch start ==========
Wed May 11 19:00:01 JST 2016 recpt1が動いているため処理しません。
Wed May 11 19:00:01 JST 2016 ========== encode batch stop ==========

Wed May 11 19:20:01 JST 2016 ========== encode batch start ==========
Wed May 11 19:20:01 JST 2016 recpt1が動いているため処理しません。
Wed May 11 19:20:01 JST 2016 ========== encode batch stop ==========

Wed May 11 19:40:01 JST 2016 ========== encode batch start ==========
Wed May 11 19:40:01 JST 2016 recpt1が動いているため処理しません。
Wed May 11 19:40:01 JST 2016 ========== encode batch stop ==========

Wed May 11 20:00:01 JST 2016 ========== encode batch start ==========
Wed May 11 20:00:01 JST 2016 recpt1が動いているため処理しません。
Wed May 11 20:00:01 JST 2016 ========== encode batch stop ==========

Wed May 11 20:20:01 JST 2016 ========== encode batch start ==========
Wed May 11 20:20:01 JST 2016 recpt1が動いているため処理しません。
Wed May 11 20:20:01 JST 2016 ========== encode batch stop ==========

Wed May 11 20:40:01 JST 2016 ========== encode batch start ==========
Wed May 11 20:40:01 JST 2016 recpt1が動いているため処理しません。
Wed May 11 20:40:01 JST 2016 ========== encode batch stop ==========

Wed May 11 21:00:01 JST 2016 ========== encode batch start ==========
Wed May 11 21:00:01 JST 2016 recpt1が動いていないので処理します。
Wed May 11 21:00:01 JST 2016 encode video check now ...
Wed May 11 21:00:06 JST 2016 all encode end
Wed May 11 21:00:06 JST 2016 ========== encode batch stop ==========

Wed May 11 21:20:01 JST 2016 ========== encode batch start ==========
Wed May 11 21:20:01 JST 2016 recpt1が動いていないので処理します。
Wed May 11 21:20:01 JST 2016 encode video check now ...
Wed May 11 21:20:05 JST 2016 all encode end
Wed May 11 21:20:05 JST 2016 ========== encode batch stop ==========

Wed May 11 21:40:01 JST 2016 ========== encode batch start ==========
Wed May 11 21:40:01 JST 2016 recpt1が動いているため処理しません。
Wed May 11 21:40:01 JST 2016 ========== encode batch stop ==========

Wed May 11 22:00:01 JST 2016 ========== encode batch start ==========
Wed May 11 22:00:01 JST 2016 recpt1が動いているため処理しません。
Wed May 11 22:00:01 JST 2016 ========== encode batch stop ==========

Wed May 11 22:20:01 JST 2016 ========== encode batch start ==========
Wed May 11 22:20:01 JST 2016 recpt1が動いていないので処理します。
Wed May 11 22:20:01 JST 2016 encode video check now ...
Wed May 11 22:20:06 JST 2016 all encode end
Wed May 11 22:20:06 JST 2016 ========== encode batch stop ==========

Wed May 11 22:40:01 JST 2016 ========== encode batch start ==========
Wed May 11 22:40:01 JST 2016 recpt1が動いているため処理しません。
Wed May 11 22:40:01 JST 2016 ========== encode batch stop ==========

Wed May 11 23:00:01 JST 2016 ========== encode batch start ==========
Wed May 11 23:00:01 JST 2016 recpt1が動いているため処理しません。
Wed May 11 23:00:01 JST 2016 ========== encode batch stop ==========

Wed May 11 23:20:01 JST 2016 ========== encode batch start ==========
Wed May 11 23:20:01 JST 2016 recpt1が動いていないので処理します。
Wed May 11 23:20:01 JST 2016 encode video check now ...
Wed May 11 23:20:01 JST 2016 20160511223000_アウトブレイク・カンパニー　＃６「サッカー…サッカー？」.tsをエンコードします。
Thu May 12 00:46:55 JST 2016 encode end.
Thu May 12 00:47:03 JST 2016 all encode end
Thu May 12 00:47:03 JST 2016 ========== encode batch stop ==========

Thu May 12 01:00:01 JST 2016 ========== encode batch start ==========
Thu May 12 01:00:01 JST 2016 recpt1が動いていないので処理します。
Thu May 12 01:00:01 JST 2016 encode video check now ...
Thu May 12 01:00:05 JST 2016 all encode end
Thu May 12 01:00:05 JST 2016 ========== encode batch stop ==========

Thu May 12 01:20:01 JST 2016 ========== encode batch start ==========
Thu May 12 01:20:01 JST 2016 recpt1が動いていないので処理します。
Thu May 12 01:20:01 JST 2016 encode video check now ...
Thu May 12 01:20:05 JST 2016 all encode end
Thu May 12 01:20:05 JST 2016 ========== encode batch stop ==========

Thu May 12 01:40:01 JST 2016 ========== encode batch start ==========
Thu May 12 01:40:01 JST 2016 recpt1が動いていないので処理します。
Thu May 12 01:40:01 JST 2016 encode video check now ...
Thu May 12 01:40:06 JST 2016 all encode end
Thu May 12 01:40:06 JST 2016 ========== encode batch stop ==========

Thu May 12 02:00:01 JST 2016 ========== encode batch start ==========
Thu May 12 02:00:01 JST 2016 recpt1が動いていないので処理します。
Thu May 12 02:00:01 JST 2016 encode video check now ...
Thu May 12 02:00:05 JST 2016 all encode end
Thu May 12 02:00:05 JST 2016 ========== encode batch stop ==========

Thu May 12 02:20:01 JST 2016 ========== encode batch start ==========
Thu May 12 02:20:01 JST 2016 recpt1が動いていないので処理します。
Thu May 12 02:20:01 JST 2016 encode video check now ...
Thu May 12 02:20:05 JST 2016 all encode end
Thu May 12 02:20:05 JST 2016 ========== encode batch stop ==========

Thu May 12 02:40:01 JST 2016 ========== encode batch start ==========
Thu May 12 02:40:01 JST 2016 recpt1が動いていないので処理します。
Thu May 12 02:40:01 JST 2016 encode video check now ...
Thu May 12 02:40:05 JST 2016 all encode end
Thu May 12 02:40:05 JST 2016 ========== encode batch stop ==========

Thu May 12 03:00:01 JST 2016 ========== encode batch start ==========
Thu May 12 03:00:01 JST 2016 recpt1が動いていないので処理します。
Thu May 12 03:00:01 JST 2016 encode video check now ...
Thu May 12 03:00:06 JST 2016 all encode end
Thu May 12 03:00:06 JST 2016 ========== encode batch stop ==========

Thu May 12 03:20:01 JST 2016 ========== encode batch start ==========
Thu May 12 03:20:01 JST 2016 recpt1が動いていないので処理します。
Thu May 12 03:20:01 JST 2016 encode video check now ...
Thu May 12 03:20:05 JST 2016 all encode end
Thu May 12 03:20:05 JST 2016 ========== encode batch stop ==========

Thu May 12 03:40:01 JST 2016 ========== encode batch start ==========
Thu May 12 03:40:01 JST 2016 recpt1が動いていないので処理します。
Thu May 12 03:40:01 JST 2016 encode video check now ...
Thu May 12 03:40:05 JST 2016 all encode end
Thu May 12 03:40:05 JST 2016 ========== encode batch stop ==========

Thu May 12 04:00:02 JST 2016 ========== encode batch start ==========
Thu May 12 04:00:02 JST 2016 recpt1が動いていないので処理します。
Thu May 12 04:00:02 JST 2016 encode video check now ...
Thu May 12 04:00:06 JST 2016 all encode end
Thu May 12 04:00:06 JST 2016 ========== encode batch stop ==========

Thu May 12 04:20:01 JST 2016 ========== encode batch start ==========
Thu May 12 04:20:01 JST 2016 recpt1が動いていないので処理します。
Thu May 12 04:20:01 JST 2016 encode video check now ...
Thu May 12 04:20:05 JST 2016 all encode end
Thu May 12 04:20:05 JST 2016 ========== encode batch stop ==========

Thu May 12 04:40:01 JST 2016 ========== encode batch start ==========
Thu May 12 04:40:01 JST 2016 recpt1が動いていないので処理します。
Thu May 12 04:40:01 JST 2016 encode video check now ...
Thu May 12 04:40:05 JST 2016 all encode end
Thu May 12 04:40:05 JST 2016 ========== encode batch stop ==========

Thu May 12 05:00:01 JST 2016 ========== encode batch start ==========
Thu May 12 05:00:01 JST 2016 recpt1が動いていないので処理します。
Thu May 12 05:00:01 JST 2016 encode video check now ...
Thu May 12 05:00:06 JST 2016 all encode end
Thu May 12 05:00:06 JST 2016 ========== encode batch stop ==========

Thu May 12 05:20:01 JST 2016 ========== encode batch start ==========
Thu May 12 05:20:01 JST 2016 recpt1が動いていないので処理します。
Thu May 12 05:20:01 JST 2016 encode video check now ...
Thu May 12 05:20:05 JST 2016 all encode end
Thu May 12 05:20:05 JST 2016 ========== encode batch stop ==========

Thu May 12 05:40:01 JST 2016 ========== encode batch start ==========
Thu May 12 05:40:01 JST 2016 recpt1が動いていないので処理します。
Thu May 12 05:40:01 JST 2016 encode video check now ...
Thu May 12 05:40:05 JST 2016 all encode end
Thu May 12 05:40:05 JST 2016 ========== encode batch stop ==========

Thu May 12 06:00:01 JST 2016 ========== encode batch start ==========
Thu May 12 06:00:01 JST 2016 recpt1が動いていないので処理します。
Thu May 12 06:00:01 JST 2016 encode video check now ...
Thu May 12 06:00:06 JST 2016 all encode end
Thu May 12 06:00:06 JST 2016 ========== encode batch stop ==========

Thu May 12 06:20:01 JST 2016 ========== encode batch start ==========
Thu May 12 06:20:01 JST 2016 recpt1が動いていないので処理します。
Thu May 12 06:20:01 JST 2016 encode video check now ...
Thu May 12 06:20:05 JST 2016 all encode end
Thu May 12 06:20:05 JST 2016 ========== encode batch stop ==========

Thu May 12 06:40:01 JST 2016 ========== encode batch start ==========
Thu May 12 06:40:01 JST 2016 recpt1が動いていないので処理します。
Thu May 12 06:40:01 JST 2016 encode video check now ...
Thu May 12 06:40:05 JST 2016 all encode end
Thu May 12 06:40:05 JST 2016 ========== encode batch stop ==========

Thu May 12 07:00:01 JST 2016 ========== encode batch start ==========
Thu May 12 07:00:01 JST 2016 recpt1が動いていないので処理します。
Thu May 12 07:00:01 JST 2016 encode video check now ...
Thu May 12 07:00:05 JST 2016 all encode end
Thu May 12 07:00:05 JST 2016 ========== encode batch stop ==========

Thu May 12 07:20:01 JST 2016 ========== encode batch start ==========
Thu May 12 07:20:01 JST 2016 recpt1が動いていないので処理します。
Thu May 12 07:20:01 JST 2016 encode video check now ...
Thu May 12 07:20:06 JST 2016 all encode end
Thu May 12 07:20:06 JST 2016 ========== encode batch stop ==========

Thu May 12 07:40:01 JST 2016 ========== encode batch start ==========
Thu May 12 07:40:01 JST 2016 recpt1が動いていないので処理します。
Thu May 12 07:40:01 JST 2016 encode video check now ...
Thu May 12 07:40:05 JST 2016 all encode end
Thu May 12 07:40:05 JST 2016 ========== encode batch stop ==========

Thu May 12 08:00:01 JST 2016 ========== encode batch start ==========
Thu May 12 08:00:01 JST 2016 recpt1が動いていないので処理します。
Thu May 12 08:00:01 JST 2016 encode video check now ...
Thu May 12 08:00:05 JST 2016 all encode end
Thu May 12 08:00:05 JST 2016 ========== encode batch stop ==========

Thu May 12 08:20:02 JST 2016 ========== encode batch start ==========
Thu May 12 08:20:02 JST 2016 recpt1が動いていないので処理します。
Thu May 12 08:20:02 JST 2016 encode video check now ...
Thu May 12 08:20:06 JST 2016 all encode end
Thu May 12 08:20:06 JST 2016 ========== encode batch stop ==========

Thu May 12 08:40:01 JST 2016 ========== encode batch start ==========
Thu May 12 08:40:01 JST 2016 recpt1が動いていないので処理します。
Thu May 12 08:40:01 JST 2016 encode video check now ...
Thu May 12 08:40:06 JST 2016 all encode end
Thu May 12 08:40:06 JST 2016 ========== encode batch stop ==========

Thu May 12 09:00:01 JST 2016 ========== encode batch start ==========
Thu May 12 09:00:01 JST 2016 recpt1が動いていないので処理します。
Thu May 12 09:00:01 JST 2016 encode video check now ...
Thu May 12 09:00:05 JST 2016 all encode end
Thu May 12 09:00:05 JST 2016 ========== encode batch stop ==========

Thu May 12 09:20:01 JST 2016 ========== encode batch start ==========
Thu May 12 09:20:01 JST 2016 recpt1が動いていないので処理します。
Thu May 12 09:20:01 JST 2016 encode video check now ...
Thu May 12 09:20:05 JST 2016 all encode end
Thu May 12 09:20:05 JST 2016 ========== encode batch stop ==========

Thu May 12 09:40:01 JST 2016 ========== encode batch start ==========
Thu May 12 09:40:02 JST 2016 recpt1が動いていないので処理します。
Thu May 12 09:40:02 JST 2016 encode video check now ...
Thu May 12 09:40:06 JST 2016 all encode end
Thu May 12 09:40:06 JST 2016 ========== encode batch stop ==========

Thu May 12 10:00:01 JST 2016 ========== encode batch start ==========
Thu May 12 10:00:01 JST 2016 recpt1が動いていないので処理します。
Thu May 12 10:00:01 JST 2016 encode video check now ...
Thu May 12 10:00:05 JST 2016 all encode end
Thu May 12 10:00:05 JST 2016 ========== encode batch stop ==========

Thu May 12 10:20:01 JST 2016 ========== encode batch start ==========
Thu May 12 10:20:01 JST 2016 recpt1が動いていないので処理します。
Thu May 12 10:20:01 JST 2016 encode video check now ...
Thu May 12 10:20:06 JST 2016 all encode end
Thu May 12 10:20:06 JST 2016 ========== encode batch stop ==========

Thu May 12 10:40:01 JST 2016 ========== encode batch start ==========
Thu May 12 10:40:01 JST 2016 recpt1が動いていないので処理します。
Thu May 12 10:40:01 JST 2016 encode video check now ...
Thu May 12 10:40:05 JST 2016 all encode end
Thu May 12 10:40:05 JST 2016 ========== encode batch stop ==========

Thu May 12 11:00:01 JST 2016 ========== encode batch start ==========
Thu May 12 11:00:01 JST 2016 recpt1が動いていないので処理します。
Thu May 12 11:00:01 JST 2016 encode video check now ...
Thu May 12 11:00:06 JST 2016 all encode end
Thu May 12 11:00:06 JST 2016 ========== encode batch stop ==========

Thu May 12 11:20:01 JST 2016 ========== encode batch start ==========
Thu May 12 11:20:01 JST 2016 recpt1が動いていないので処理します。
Thu May 12 11:20:01 JST 2016 encode video check now ...
Thu May 12 11:20:05 JST 2016 all encode end
Thu May 12 11:20:05 JST 2016 ========== encode batch stop ==========

Thu May 12 11:40:01 JST 2016 ========== encode batch start ==========
Thu May 12 11:40:01 JST 2016 recpt1が動いていないので処理します。
Thu May 12 11:40:01 JST 2016 encode video check now ...
Thu May 12 11:40:06 JST 2016 all encode end
Thu May 12 11:40:06 JST 2016 ========== encode batch stop ==========

Thu May 12 12:00:01 JST 2016 ========== encode batch start ==========
Thu May 12 12:00:01 JST 2016 recpt1が動いていないので処理します。
Thu May 12 12:00:01 JST 2016 encode video check now ...
Thu May 12 12:00:05 JST 2016 all encode end
Thu May 12 12:00:05 JST 2016 ========== encode batch stop ==========

Thu May 12 12:20:01 JST 2016 ========== encode batch start ==========
Thu May 12 12:20:01 JST 2016 recpt1が動いていないので処理します。
Thu May 12 12:20:01 JST 2016 encode video check now ...
Thu May 12 12:20:05 JST 2016 all encode end
Thu May 12 12:20:05 JST 2016 ========== encode batch stop ==========

Thu May 12 12:40:01 JST 2016 ========== encode batch start ==========
Thu May 12 12:40:01 JST 2016 recpt1が動いていないので処理します。
Thu May 12 12:40:01 JST 2016 encode video check now ...
Thu May 12 12:40:05 JST 2016 all encode end
Thu May 12 12:40:05 JST 2016 ========== encode batch stop ==========

Thu May 12 13:00:01 JST 2016 ========== encode batch start ==========
Thu May 12 13:00:01 JST 2016 recpt1が動いていないので処理します。
Thu May 12 13:00:01 JST 2016 encode video check now ...
Thu May 12 13:00:05 JST 2016 all encode end
Thu May 12 13:00:05 JST 2016 ========== encode batch stop ==========

Thu May 12 13:20:01 JST 2016 ========== encode batch start ==========
Thu May 12 13:20:01 JST 2016 recpt1が動いていないので処理します。
Thu May 12 13:20:01 JST 2016 encode video check now ...
Thu May 12 13:20:05 JST 2016 all encode end
Thu May 12 13:20:05 JST 2016 ========== encode batch stop ==========

Thu May 12 13:40:01 JST 2016 ========== encode batch start ==========
Thu May 12 13:40:01 JST 2016 recpt1が動いていないので処理します。
Thu May 12 13:40:01 JST 2016 encode video check now ...
Thu May 12 13:40:05 JST 2016 all encode end
Thu May 12 13:40:05 JST 2016 ========== encode batch stop ==========

Thu May 12 14:00:01 JST 2016 ========== encode batch start ==========
Thu May 12 14:00:01 JST 2016 recpt1が動いていないので処理します。
Thu May 12 14:00:01 JST 2016 encode video check now ...
Thu May 12 14:00:06 JST 2016 all encode end
Thu May 12 14:00:06 JST 2016 ========== encode batch stop ==========

Thu May 12 14:20:01 JST 2016 ========== encode batch start ==========
Thu May 12 14:20:01 JST 2016 recpt1が動いていないので処理します。
Thu May 12 14:20:01 JST 2016 encode video check now ...
Thu May 12 14:20:05 JST 2016 all encode end
Thu May 12 14:20:05 JST 2016 ========== encode batch stop ==========

Thu May 12 14:40:01 JST 2016 ========== encode batch start ==========
Thu May 12 14:40:01 JST 2016 recpt1が動いていないので処理します。
Thu May 12 14:40:01 JST 2016 encode video check now ...
Thu May 12 14:40:05 JST 2016 all encode end
Thu May 12 14:40:05 JST 2016 ========== encode batch stop ==========

Thu May 12 15:00:01 JST 2016 ========== encode batch start ==========
Thu May 12 15:00:01 JST 2016 recpt1が動いていないので処理します。
Thu May 12 15:00:01 JST 2016 encode video check now ...
Thu May 12 15:00:05 JST 2016 all encode end
Thu May 12 15:00:05 JST 2016 ========== encode batch stop ==========

Thu May 12 15:20:01 JST 2016 ========== encode batch start ==========
Thu May 12 15:20:01 JST 2016 recpt1が動いていないので処理します。
Thu May 12 15:20:01 JST 2016 encode video check now ...
Thu May 12 15:20:06 JST 2016 all encode end
Thu May 12 15:20:06 JST 2016 ========== encode batch stop ==========

Thu May 12 15:40:01 JST 2016 ========== encode batch start ==========
Thu May 12 15:40:01 JST 2016 recpt1が動いていないので処理します。
Thu May 12 15:40:01 JST 2016 encode video check now ...
Thu May 12 15:40:05 JST 2016 all encode end
Thu May 12 15:40:05 JST 2016 ========== encode batch stop ==========

Thu May 12 16:00:01 JST 2016 ========== encode batch start ==========
Thu May 12 16:00:01 JST 2016 recpt1が動いていないので処理します。
Thu May 12 16:00:01 JST 2016 encode video check now ...
Thu May 12 16:00:05 JST 2016 all encode end
Thu May 12 16:00:05 JST 2016 ========== encode batch stop ==========

Thu May 12 16:20:01 JST 2016 ========== encode batch start ==========
Thu May 12 16:20:01 JST 2016 recpt1が動いていないので処理します。
Thu May 12 16:20:01 JST 2016 encode video check now ...
Thu May 12 16:20:06 JST 2016 all encode end
Thu May 12 16:20:06 JST 2016 ========== encode batch stop ==========

Thu May 12 16:40:01 JST 2016 ========== encode batch start ==========
Thu May 12 16:40:01 JST 2016 recpt1が動いていないので処理します。
Thu May 12 16:40:01 JST 2016 encode video check now ...
Thu May 12 16:40:06 JST 2016 all encode end
Thu May 12 16:40:06 JST 2016 ========== encode batch stop ==========

Thu May 12 17:00:01 JST 2016 ========== encode batch start ==========
Thu May 12 17:00:01 JST 2016 recpt1が動いていないので処理します。
Thu May 12 17:00:01 JST 2016 encode video check now ...
Thu May 12 17:00:05 JST 2016 all encode end
Thu May 12 17:00:05 JST 2016 ========== encode batch stop ==========

Thu May 12 17:20:01 JST 2016 ========== encode batch start ==========
Thu May 12 17:20:01 JST 2016 recpt1が動いていないので処理します。
Thu May 12 17:20:01 JST 2016 encode video check now ...
Thu May 12 17:20:05 JST 2016 all encode end
Thu May 12 17:20:05 JST 2016 ========== encode batch stop ==========

Thu May 12 17:40:01 JST 2016 ========== encode batch start ==========
Thu May 12 17:40:01 JST 2016 recpt1が動いていないので処理します。
Thu May 12 17:40:01 JST 2016 encode video check now ...
Thu May 12 17:40:06 JST 2016 all encode end
Thu May 12 17:40:06 JST 2016 ========== encode batch stop ==========

Thu May 12 18:00:01 JST 2016 ========== encode batch start ==========
Thu May 12 18:00:01 JST 2016 recpt1が動いていないので処理します。
Thu May 12 18:00:01 JST 2016 encode video check now ...
Thu May 12 18:00:05 JST 2016 all encode end
Thu May 12 18:00:05 JST 2016 ========== encode batch stop ==========

Thu May 12 18:20:01 JST 2016 ========== encode batch start ==========
Thu May 12 18:20:01 JST 2016 recpt1が動いていないので処理します。
Thu May 12 18:20:01 JST 2016 encode video check now ...
Thu May 12 18:20:05 JST 2016 all encode end
Thu May 12 18:20:05 JST 2016 ========== encode batch stop ==========

Thu May 12 18:40:01 JST 2016 ========== encode batch start ==========
Thu May 12 18:40:01 JST 2016 recpt1が動いていないので処理します。
Thu May 12 18:40:01 JST 2016 encode video check now ...
Thu May 12 18:40:05 JST 2016 all encode end
Thu May 12 18:40:05 JST 2016 ========== encode batch stop ==========

Thu May 12 19:00:01 JST 2016 ========== encode batch start ==========
Thu May 12 19:00:01 JST 2016 recpt1が動いていないので処理します。
Thu May 12 19:00:01 JST 2016 encode video check now ...
Thu May 12 19:00:06 JST 2016 all encode end
Thu May 12 19:00:06 JST 2016 ========== encode batch stop ==========

Thu May 12 19:20:01 JST 2016 ========== encode batch start ==========
Thu May 12 19:20:01 JST 2016 recpt1が動いていないので処理します。
Thu May 12 19:20:01 JST 2016 encode video check now ...
Thu May 12 19:20:05 JST 2016 all encode end
Thu May 12 19:20:05 JST 2016 ========== encode batch stop ==========

Thu May 12 19:40:01 JST 2016 ========== encode batch start ==========
Thu May 12 19:40:01 JST 2016 recpt1が動いていないので処理します。
Thu May 12 19:40:01 JST 2016 encode video check now ...
Thu May 12 19:40:05 JST 2016 all encode end
Thu May 12 19:40:05 JST 2016 ========== encode batch stop ==========

Thu May 12 20:00:01 JST 2016 ========== encode batch start ==========
Thu May 12 20:00:01 JST 2016 recpt1が動いているため処理しません。
Thu May 12 20:00:01 JST 2016 ========== encode batch stop ==========

Thu May 12 20:20:04 JST 2016 ========== encode batch start ==========
Thu May 12 20:20:04 JST 2016 recpt1が動いているため処理しません。
Thu May 12 20:20:04 JST 2016 ========== encode batch stop ==========

Thu May 12 20:40:01 JST 2016 ========== encode batch start ==========
Thu May 12 20:40:01 JST 2016 recpt1が動いているため処理しません。
Thu May 12 20:40:01 JST 2016 ========== encode batch stop ==========

Thu May 12 21:00:01 JST 2016 ========== encode batch start ==========
Thu May 12 21:00:01 JST 2016 recpt1が動いているため処理しません。
Thu May 12 21:00:01 JST 2016 ========== encode batch stop ==========

Thu May 12 21:20:02 JST 2016 ========== encode batch start ==========
Thu May 12 21:20:02 JST 2016 recpt1が動いているため処理しません。
Thu May 12 21:20:02 JST 2016 ========== encode batch stop ==========

Thu May 12 21:40:01 JST 2016 ========== encode batch start ==========
Thu May 12 21:40:01 JST 2016 recpt1が動いているため処理しません。
Thu May 12 21:40:01 JST 2016 ========== encode batch stop ==========

Thu May 12 22:00:01 JST 2016 ========== encode batch start ==========
Thu May 12 22:00:01 JST 2016 recpt1が動いているため処理しません。
Thu May 12 22:00:01 JST 2016 ========== encode batch stop ==========

Thu May 12 22:20:01 JST 2016 ========== encode batch start ==========
Thu May 12 22:20:01 JST 2016 recpt1が動いているため処理しません。
Thu May 12 22:20:01 JST 2016 ========== encode batch stop ==========

Thu May 12 22:40:01 JST 2016 ========== encode batch start ==========
Thu May 12 22:40:01 JST 2016 recpt1が動いているため処理しません。
Thu May 12 22:40:01 JST 2016 ========== encode batch stop ==========

Thu May 12 23:00:02 JST 2016 ========== encode batch start ==========
Thu May 12 23:00:02 JST 2016 recpt1が動いているため処理しません。
Thu May 12 23:00:02 JST 2016 ========== encode batch stop ==========

Thu May 12 23:20:01 JST 2016 ========== encode batch start ==========
Thu May 12 23:20:01 JST 2016 recpt1が動いているため処理しません。
Thu May 12 23:20:01 JST 2016 ========== encode batch stop ==========

Thu May 12 23:40:01 JST 2016 ========== encode batch start ==========
Thu May 12 23:40:01 JST 2016 recpt1が動いているため処理しません。
Thu May 12 23:40:01 JST 2016 ========== encode batch stop ==========

Fri May 13 00:00:02 JST 2016 ========== encode batch start ==========
Fri May 13 00:00:02 JST 2016 recpt1が動いているため処理しません。
Fri May 13 00:00:02 JST 2016 ========== encode batch stop ==========

Fri May 13 00:40:01 JST 2016 ========== encode batch start ==========
Fri May 13 00:40:01 JST 2016 recpt1が動いているため処理しません。
Fri May 13 00:40:01 JST 2016 ========== encode batch stop ==========

Fri May 13 01:00:01 JST 2016 ========== encode batch start ==========
Fri May 13 01:00:01 JST 2016 recpt1が動いていないので処理します。
Fri May 13 01:00:01 JST 2016 encode video check now ...
Fri May 13 01:00:02 JST 2016 20160512233000_ネトゲの嫁は女の子じゃないと思った？.tsをエンコードします。
Fri May 13 02:22:42 JST 2016 encode end.
Fri May 13 02:22:48 JST 2016 all encode end
Fri May 13 02:22:48 JST 2016 ========== encode batch stop ==========

Fri May 13 02:40:01 JST 2016 ========== encode batch start ==========
Fri May 13 02:40:01 JST 2016 recpt1が動いていないので処理します。
Fri May 13 02:40:01 JST 2016 encode video check now ...
Fri May 13 02:40:05 JST 2016 all encode end
Fri May 13 02:40:05 JST 2016 ========== encode batch stop ==========

Fri May 13 03:00:01 JST 2016 ========== encode batch start ==========
Fri May 13 03:00:01 JST 2016 recpt1が動いていないので処理します。
Fri May 13 03:00:01 JST 2016 encode video check now ...
Fri May 13 03:00:06 JST 2016 all encode end
Fri May 13 03:00:06 JST 2016 ========== encode batch stop ==========

Fri May 13 03:20:01 JST 2016 ========== encode batch start ==========
Fri May 13 03:20:01 JST 2016 recpt1が動いていないので処理します。
Fri May 13 03:20:01 JST 2016 encode video check now ...
Fri May 13 03:20:05 JST 2016 all encode end
Fri May 13 03:20:05 JST 2016 ========== encode batch stop ==========

Fri May 13 03:40:01 JST 2016 ========== encode batch start ==========
Fri May 13 03:40:01 JST 2016 recpt1が動いていないので処理します。
Fri May 13 03:40:01 JST 2016 encode video check now ...
Fri May 13 03:40:05 JST 2016 all encode end
Fri May 13 03:40:05 JST 2016 ========== encode batch stop ==========

Fri May 13 04:00:02 JST 2016 ========== encode batch start ==========
Fri May 13 04:00:02 JST 2016 recpt1が動いていないので処理します。
Fri May 13 04:00:02 JST 2016 encode video check now ...
Fri May 13 04:00:06 JST 2016 all encode end
Fri May 13 04:00:06 JST 2016 ========== encode batch stop ==========

Fri May 13 04:20:01 JST 2016 ========== encode batch start ==========
Fri May 13 04:20:01 JST 2016 recpt1が動いていないので処理します。
Fri May 13 04:20:01 JST 2016 encode video check now ...
Fri May 13 04:20:05 JST 2016 all encode end
Fri May 13 04:20:05 JST 2016 ========== encode batch stop ==========

Fri May 13 04:40:01 JST 2016 ========== encode batch start ==========
Fri May 13 04:40:01 JST 2016 recpt1が動いていないので処理します。
Fri May 13 04:40:01 JST 2016 encode video check now ...
Fri May 13 04:40:05 JST 2016 all encode end
Fri May 13 04:40:05 JST 2016 ========== encode batch stop ==========

Fri May 13 05:00:01 JST 2016 ========== encode batch start ==========
Fri May 13 05:00:01 JST 2016 recpt1が動いていないので処理します。
Fri May 13 05:00:01 JST 2016 encode video check now ...
Fri May 13 05:00:05 JST 2016 all encode end
Fri May 13 05:00:05 JST 2016 ========== encode batch stop ==========

Fri May 13 05:20:01 JST 2016 ========== encode batch start ==========
Fri May 13 05:20:01 JST 2016 recpt1が動いていないので処理します。
Fri May 13 05:20:01 JST 2016 encode video check now ...
Fri May 13 05:20:06 JST 2016 all encode end
Fri May 13 05:20:06 JST 2016 ========== encode batch stop ==========

Fri May 13 05:40:01 JST 2016 ========== encode batch start ==========
Fri May 13 05:40:01 JST 2016 recpt1が動いていないので処理します。
Fri May 13 05:40:01 JST 2016 encode video check now ...
Fri May 13 05:40:05 JST 2016 all encode end
Fri May 13 05:40:05 JST 2016 ========== encode batch stop ==========

Fri May 13 06:00:01 JST 2016 ========== encode batch start ==========
Fri May 13 06:00:01 JST 2016 recpt1が動いていないので処理します。
Fri May 13 06:00:01 JST 2016 encode video check now ...
Fri May 13 06:00:06 JST 2016 all encode end
Fri May 13 06:00:06 JST 2016 ========== encode batch stop ==========

Fri May 13 06:20:01 JST 2016 ========== encode batch start ==========
Fri May 13 06:20:01 JST 2016 recpt1が動いていないので処理します。
Fri May 13 06:20:01 JST 2016 encode video check now ...
Fri May 13 06:20:05 JST 2016 all encode end
Fri May 13 06:20:05 JST 2016 ========== encode batch stop ==========

Fri May 13 06:40:01 JST 2016 ========== encode batch start ==========
Fri May 13 06:40:01 JST 2016 recpt1が動いていないので処理します。
Fri May 13 06:40:01 JST 2016 encode video check now ...
Fri May 13 06:40:06 JST 2016 all encode end
Fri May 13 06:40:06 JST 2016 ========== encode batch stop ==========

Fri May 13 07:00:01 JST 2016 ========== encode batch start ==========
Fri May 13 07:00:01 JST 2016 recpt1が動いていないので処理します。
Fri May 13 07:00:01 JST 2016 encode video check now ...
Fri May 13 07:00:05 JST 2016 all encode end
Fri May 13 07:00:05 JST 2016 ========== encode batch stop ==========

Fri May 13 07:20:01 JST 2016 ========== encode batch start ==========
Fri May 13 07:20:01 JST 2016 recpt1が動いていないので処理します。
Fri May 13 07:20:01 JST 2016 encode video check now ...
Fri May 13 07:20:05 JST 2016 all encode end
Fri May 13 07:20:05 JST 2016 ========== encode batch stop ==========

Fri May 13 07:40:01 JST 2016 ========== encode batch start ==========
Fri May 13 07:40:01 JST 2016 recpt1が動いていないので処理します。
Fri May 13 07:40:01 JST 2016 encode video check now ...
Fri May 13 07:40:06 JST 2016 all encode end
Fri May 13 07:40:06 JST 2016 ========== encode batch stop ==========

Fri May 13 08:00:01 JST 2016 ========== encode batch start ==========
Fri May 13 08:00:01 JST 2016 recpt1が動いていないので処理します。
Fri May 13 08:00:01 JST 2016 encode video check now ...
Fri May 13 08:00:05 JST 2016 all encode end
Fri May 13 08:00:05 JST 2016 ========== encode batch stop ==========

Fri May 13 08:20:01 JST 2016 ========== encode batch start ==========
Fri May 13 08:20:01 JST 2016 recpt1が動いていないので処理します。
Fri May 13 08:20:01 JST 2016 encode video check now ...
Fri May 13 08:20:06 JST 2016 all encode end
Fri May 13 08:20:06 JST 2016 ========== encode batch stop ==========

Fri May 13 08:40:01 JST 2016 ========== encode batch start ==========
Fri May 13 08:40:01 JST 2016 recpt1が動いていないので処理します。
Fri May 13 08:40:01 JST 2016 encode video check now ...
Fri May 13 08:40:05 JST 2016 all encode end
Fri May 13 08:40:05 JST 2016 ========== encode batch stop ==========

Fri May 13 09:00:01 JST 2016 ========== encode batch start ==========
Fri May 13 09:00:01 JST 2016 recpt1が動いていないので処理します。
Fri May 13 09:00:01 JST 2016 encode video check now ...
Fri May 13 09:00:06 JST 2016 all encode end
Fri May 13 09:00:06 JST 2016 ========== encode batch stop ==========

Fri May 13 09:20:01 JST 2016 ========== encode batch start ==========
Fri May 13 09:20:01 JST 2016 recpt1が動いていないので処理します。
Fri May 13 09:20:01 JST 2016 encode video check now ...
Fri May 13 09:20:05 JST 2016 all encode end
Fri May 13 09:20:05 JST 2016 ========== encode batch stop ==========

Fri May 13 09:40:01 JST 2016 ========== encode batch start ==========
Fri May 13 09:40:01 JST 2016 recpt1が動いていないので処理します。
Fri May 13 09:40:01 JST 2016 encode video check now ...
Fri May 13 09:40:05 JST 2016 all encode end
Fri May 13 09:40:05 JST 2016 ========== encode batch stop ==========

Fri May 13 10:00:02 JST 2016 ========== encode batch start ==========
Fri May 13 10:00:02 JST 2016 recpt1が動いていないので処理します。
Fri May 13 10:00:02 JST 2016 encode video check now ...
Fri May 13 10:00:06 JST 2016 all encode end
Fri May 13 10:00:06 JST 2016 ========== encode batch stop ==========

Fri May 13 10:20:01 JST 2016 ========== encode batch start ==========
Fri May 13 10:20:01 JST 2016 recpt1が動いていないので処理します。
Fri May 13 10:20:01 JST 2016 encode video check now ...
Fri May 13 10:20:05 JST 2016 all encode end
Fri May 13 10:20:05 JST 2016 ========== encode batch stop ==========

Fri May 13 10:40:01 JST 2016 ========== encode batch start ==========
Fri May 13 10:40:01 JST 2016 recpt1が動いていないので処理します。
Fri May 13 10:40:01 JST 2016 encode video check now ...
Fri May 13 10:40:05 JST 2016 all encode end
Fri May 13 10:40:05 JST 2016 ========== encode batch stop ==========

Fri May 13 11:00:01 JST 2016 ========== encode batch start ==========
Fri May 13 11:00:01 JST 2016 recpt1が動いていないので処理します。
Fri May 13 11:00:01 JST 2016 encode video check now ...
Fri May 13 11:00:05 JST 2016 all encode end
Fri May 13 11:00:05 JST 2016 ========== encode batch stop ==========

Fri May 13 11:20:01 JST 2016 ========== encode batch start ==========
Fri May 13 11:20:01 JST 2016 recpt1が動いていないので処理します。
Fri May 13 11:20:01 JST 2016 encode video check now ...
Fri May 13 11:20:06 JST 2016 all encode end
Fri May 13 11:20:06 JST 2016 ========== encode batch stop ==========

Fri May 13 11:40:01 JST 2016 ========== encode batch start ==========
Fri May 13 11:40:01 JST 2016 recpt1が動いていないので処理します。
Fri May 13 11:40:01 JST 2016 encode video check now ...
Fri May 13 11:40:05 JST 2016 all encode end
Fri May 13 11:40:05 JST 2016 ========== encode batch stop ==========

Fri May 13 12:00:01 JST 2016 ========== encode batch start ==========
Fri May 13 12:00:01 JST 2016 recpt1が動いていないので処理します。
Fri May 13 12:00:01 JST 2016 encode video check now ...
Fri May 13 12:00:05 JST 2016 all encode end
Fri May 13 12:00:05 JST 2016 ========== encode batch stop ==========

Fri May 13 12:20:01 JST 2016 ========== encode batch start ==========
Fri May 13 12:20:01 JST 2016 recpt1が動いていないので処理します。
Fri May 13 12:20:01 JST 2016 encode video check now ...
Fri May 13 12:20:06 JST 2016 all encode end
Fri May 13 12:20:06 JST 2016 ========== encode batch stop ==========

Fri May 13 12:40:01 JST 2016 ========== encode batch start ==========
Fri May 13 12:40:01 JST 2016 recpt1が動いていないので処理します。
Fri May 13 12:40:01 JST 2016 encode video check now ...
Fri May 13 12:40:06 JST 2016 all encode end
Fri May 13 12:40:06 JST 2016 ========== encode batch stop ==========

Fri May 13 13:00:01 JST 2016 ========== encode batch start ==========
Fri May 13 13:00:01 JST 2016 recpt1が動いていないので処理します。
Fri May 13 13:00:01 JST 2016 encode video check now ...
Fri May 13 13:00:05 JST 2016 all encode end
Fri May 13 13:00:05 JST 2016 ========== encode batch stop ==========

Fri May 13 13:20:01 JST 2016 ========== encode batch start ==========
Fri May 13 13:20:01 JST 2016 recpt1が動いていないので処理します。
Fri May 13 13:20:01 JST 2016 encode video check now ...
Fri May 13 13:20:05 JST 2016 all encode end
Fri May 13 13:20:06 JST 2016 ========== encode batch stop ==========

Fri May 13 13:40:01 JST 2016 ========== encode batch start ==========
Fri May 13 13:40:01 JST 2016 recpt1が動いていないので処理します。
Fri May 13 13:40:01 JST 2016 encode video check now ...
Fri May 13 13:40:05 JST 2016 all encode end
Fri May 13 13:40:05 JST 2016 ========== encode batch stop ==========

Fri May 13 14:00:01 JST 2016 ========== encode batch start ==========
Fri May 13 14:00:01 JST 2016 recpt1が動いていないので処理します。
Fri May 13 14:00:01 JST 2016 encode video check now ...
Fri May 13 14:00:05 JST 2016 all encode end
Fri May 13 14:00:05 JST 2016 ========== encode batch stop ==========

Fri May 13 14:20:01 JST 2016 ========== encode batch start ==========
Fri May 13 14:20:01 JST 2016 recpt1が動いていないので処理します。
Fri May 13 14:20:01 JST 2016 encode video check now ...
Fri May 13 14:20:06 JST 2016 all encode end
Fri May 13 14:20:06 JST 2016 ========== encode batch stop ==========
